2024-02-24 21:39:45.976 | INFO     | __main__:main:67 - The main procedure has started with the following parameters:
2024-02-24 21:39:45.976 | INFO     | __main__:main:68 - Model: MF
2024-02-24 21:39:45.976 | INFO     | __main__:main:69 - Seed: 42
2024-02-24 21:39:45.976 | INFO     | __main__:main:70 - Device: cuda
2024-02-24 21:39:46.007 | INFO     | __main__:main:80 - The datasets are loaded where their statistics are as follows:
2024-02-24 21:39:46.007 | INFO     | __main__:main:81 - training instances: 64000
2024-02-24 21:39:46.007 | INFO     | __main__:main:82 - validation instances: 16000
2024-02-24 21:39:46.007 | INFO     | __main__:main:99 - Training the model has begun with the following hyperparameters:
2024-02-24 21:39:46.007 | INFO     | __main__:main:100 - Batch Size: 64
2024-02-24 21:39:46.007 | INFO     | __main__:main:101 - Epochs: 17
2024-02-24 21:39:46.007 | INFO     | __main__:main:102 - K: 14
2024-02-24 21:39:46.008 | INFO     | __main__:main:103 - Learning Rate: 0.0005
Epoch 00: 1.036 training RMSE
Epoch 01: 0.988 training RMSE
Epoch 02: 1.221 training RMSE
Epoch 03: 0.9517 training RMSE
Epoch 04: 0.907 training RMSE
Epoch 05: 1.113 training RMSE
Epoch 06: 0.7934 training RMSE
Epoch 07: 0.8286 training RMSE
Epoch 08: 0.957 training RMSE
Epoch 09: 0.9402 training RMSE
Epoch 10: 0.7658 training RMSE
Epoch 11: 0.8376 training RMSE
Epoch 12: 0.8926 training RMSE
Epoch 13: 0.8521 training RMSE
Epoch 14: 0.952 training RMSE
Epoch 15: 0.8121 training RMSE
Epoch 16: 0.8095 training RMSE
2024-02-24 21:45:01.098 | INFO     | __main__:main:118 - The model has been trained. The test rmse is 0.9452.
