2024-02-24 21:39:45.976 | INFO     | __main__:main:67 - The main procedure has started with the following parameters:
2024-02-24 21:39:45.976 | INFO     | __main__:main:68 - Model: MF
2024-02-24 21:39:45.976 | INFO     | __main__:main:69 - Seed: 42
2024-02-24 21:39:45.976 | INFO     | __main__:main:70 - Device: cuda
2024-02-24 21:39:46.008 | INFO     | __main__:main:80 - The datasets are loaded where their statistics are as follows:
2024-02-24 21:39:46.008 | INFO     | __main__:main:81 - training instances: 64000
2024-02-24 21:39:46.008 | INFO     | __main__:main:82 - validation instances: 16000
2024-02-24 21:39:46.008 | INFO     | __main__:main:99 - Training the model has begun with the following hyperparameters:
2024-02-24 21:39:46.009 | INFO     | __main__:main:100 - Batch Size: 64
2024-02-24 21:39:46.009 | INFO     | __main__:main:101 - Epochs: 17
2024-02-24 21:39:46.009 | INFO     | __main__:main:102 - K: 13
2024-02-24 21:39:46.009 | INFO     | __main__:main:103 - Learning Rate: 0.0005
Epoch 00: 1.059 training RMSE
Epoch 01: 1.027 training RMSE
Epoch 02: 1.091 training RMSE
Epoch 03: 1.022 training RMSE
Epoch 04: 0.9543 training RMSE
Epoch 05: 0.9906 training RMSE
Epoch 06: 0.9643 training RMSE
Epoch 07: 0.8687 training RMSE
Epoch 08: 0.9853 training RMSE
Epoch 09: 0.9358 training RMSE
Epoch 10: 0.8708 training RMSE
Epoch 11: 0.8143 training RMSE
Epoch 12: 0.6705 training RMSE
Epoch 13: 0.8486 training RMSE
Epoch 14: 0.8188 training RMSE
Epoch 15: 0.8058 training RMSE
Epoch 16: 0.8869 training RMSE
2024-02-24 21:45:03.574 | INFO     | __main__:main:118 - The model has been trained. The test rmse is 0.9456.
