2024-02-24 21:40:00.662 | INFO     | __main__:main:67 - The main procedure has started with the following parameters:
2024-02-24 21:40:00.662 | INFO     | __main__:main:68 - Model: MF
2024-02-24 21:40:00.663 | INFO     | __main__:main:69 - Seed: 42
2024-02-24 21:40:00.663 | INFO     | __main__:main:70 - Device: cuda
2024-02-24 21:40:00.689 | INFO     | __main__:main:80 - The datasets are loaded where their statistics are as follows:
2024-02-24 21:40:00.689 | INFO     | __main__:main:81 - training instances: 64000
2024-02-24 21:40:00.689 | INFO     | __main__:main:82 - validation instances: 16000
2024-02-24 21:40:00.689 | INFO     | __main__:main:99 - Training the model has begun with the following hyperparameters:
2024-02-24 21:40:00.689 | INFO     | __main__:main:100 - Batch Size: 64
2024-02-24 21:40:00.689 | INFO     | __main__:main:101 - Epochs: 17
2024-02-24 21:40:00.689 | INFO     | __main__:main:102 - K: 9
2024-02-24 21:40:00.689 | INFO     | __main__:main:103 - Learning Rate: 0.0005
Epoch 00: 1.085 training RMSE
Epoch 01: 1.182 training RMSE
Epoch 02: 0.9223 training RMSE
Epoch 03: 1.131 training RMSE
Epoch 04: 0.8696 training RMSE
Epoch 05: 1.03 training RMSE
Epoch 06: 0.8826 training RMSE
Epoch 07: 0.9262 training RMSE
Epoch 08: 0.8145 training RMSE
Epoch 09: 0.945 training RMSE
Epoch 10: 0.8958 training RMSE
Epoch 11: 0.8286 training RMSE
Epoch 12: 0.8533 training RMSE
Epoch 13: 0.896 training RMSE
Epoch 14: 1.003 training RMSE
Epoch 15: 0.7989 training RMSE
Epoch 16: 0.7574 training RMSE
2024-02-24 21:45:09.993 | INFO     | __main__:main:118 - The model has been trained. The test rmse is 0.9397.
