2024-02-24 21:39:45.976 | INFO     | __main__:main:67 - The main procedure has started with the following parameters:
2024-02-24 21:39:45.976 | INFO     | __main__:main:68 - Model: MF
2024-02-24 21:39:45.976 | INFO     | __main__:main:69 - Seed: 42
2024-02-24 21:39:45.976 | INFO     | __main__:main:70 - Device: cuda
2024-02-24 21:39:46.007 | INFO     | __main__:main:80 - The datasets are loaded where their statistics are as follows:
2024-02-24 21:39:46.007 | INFO     | __main__:main:81 - training instances: 64000
2024-02-24 21:39:46.007 | INFO     | __main__:main:82 - validation instances: 16000
2024-02-24 21:39:46.007 | INFO     | __main__:main:99 - Training the model has begun with the following hyperparameters:
2024-02-24 21:39:46.007 | INFO     | __main__:main:100 - Batch Size: 64
2024-02-24 21:39:46.008 | INFO     | __main__:main:101 - Epochs: 17
2024-02-24 21:39:46.008 | INFO     | __main__:main:102 - K: 8
2024-02-24 21:39:46.008 | INFO     | __main__:main:103 - Learning Rate: 0.0005
Epoch 00: 1.156 training RMSE
Epoch 01: 1.075 training RMSE
Epoch 02: 0.9844 training RMSE
Epoch 03: 0.8579 training RMSE
Epoch 04: 0.9845 training RMSE
Epoch 05: 1.127 training RMSE
Epoch 06: 0.9298 training RMSE
Epoch 07: 0.9126 training RMSE
Epoch 08: 0.95 training RMSE
Epoch 09: 0.8399 training RMSE
Epoch 10: 1.071 training RMSE
Epoch 11: 0.7981 training RMSE
Epoch 12: 1.037 training RMSE
Epoch 13: 0.8902 training RMSE
Epoch 14: 0.9692 training RMSE
Epoch 15: 1.001 training RMSE
Epoch 16: 0.9567 training RMSE
2024-02-24 21:44:55.876 | INFO     | __main__:main:118 - The model has been trained. The test rmse is 0.945.
