2024-02-24 21:39:45.976 | INFO     | __main__:main:67 - The main procedure has started with the following parameters:
2024-02-24 21:39:45.976 | INFO     | __main__:main:68 - Model: MF
2024-02-24 21:39:45.976 | INFO     | __main__:main:69 - Seed: 42
2024-02-24 21:39:45.976 | INFO     | __main__:main:70 - Device: cuda
2024-02-24 21:39:46.008 | INFO     | __main__:main:80 - The datasets are loaded where their statistics are as follows:
2024-02-24 21:39:46.008 | INFO     | __main__:main:81 - training instances: 64000
2024-02-24 21:39:46.008 | INFO     | __main__:main:82 - validation instances: 16000
2024-02-24 21:39:46.008 | INFO     | __main__:main:99 - Training the model has begun with the following hyperparameters:
2024-02-24 21:39:46.008 | INFO     | __main__:main:100 - Batch Size: 64
2024-02-24 21:39:46.008 | INFO     | __main__:main:101 - Epochs: 17
2024-02-24 21:39:46.008 | INFO     | __main__:main:102 - K: 10
2024-02-24 21:39:46.008 | INFO     | __main__:main:103 - Learning Rate: 0.0005
Epoch 00: 0.9453 training RMSE
Epoch 01: 0.9607 training RMSE
Epoch 02: 0.9445 training RMSE
Epoch 03: 1.061 training RMSE
Epoch 04: 0.9271 training RMSE
Epoch 05: 1.041 training RMSE
Epoch 06: 0.961 training RMSE
Epoch 07: 0.9704 training RMSE
Epoch 08: 0.8529 training RMSE
Epoch 09: 0.8848 training RMSE
Epoch 10: 0.9076 training RMSE
Epoch 11: 0.9829 training RMSE
Epoch 12: 0.8955 training RMSE
Epoch 13: 0.7619 training RMSE
Epoch 14: 1.051 training RMSE
Epoch 15: 0.7676 training RMSE
Epoch 16: 0.8591 training RMSE
2024-02-24 21:45:02.054 | INFO     | __main__:main:118 - The model has been trained. The test rmse is 0.9471.
