2024-02-24 21:39:45.976 | INFO     | __main__:main:67 - The main procedure has started with the following parameters:
2024-02-24 21:39:45.976 | INFO     | __main__:main:68 - Model: MF
2024-02-24 21:39:45.976 | INFO     | __main__:main:69 - Seed: 42
2024-02-24 21:39:45.976 | INFO     | __main__:main:70 - Device: cuda
2024-02-24 21:39:46.000 | INFO     | __main__:main:80 - The datasets are loaded where their statistics are as follows:
2024-02-24 21:39:46.000 | INFO     | __main__:main:81 - training instances: 64000
2024-02-24 21:39:46.000 | INFO     | __main__:main:82 - validation instances: 16000
2024-02-24 21:39:46.000 | INFO     | __main__:main:99 - Training the model has begun with the following hyperparameters:
2024-02-24 21:39:46.001 | INFO     | __main__:main:100 - Batch Size: 64
2024-02-24 21:39:46.001 | INFO     | __main__:main:101 - Epochs: 17
2024-02-24 21:39:46.001 | INFO     | __main__:main:102 - K: 11
2024-02-24 21:39:46.001 | INFO     | __main__:main:103 - Learning Rate: 0.0005
Epoch 00: 0.9774 training RMSE
Epoch 01: 1.251 training RMSE
Epoch 02: 1.071 training RMSE
Epoch 03: 0.9109 training RMSE
Epoch 04: 1.052 training RMSE
Epoch 05: 1.069 training RMSE
Epoch 06: 1.068 training RMSE
Epoch 07: 0.9928 training RMSE
Epoch 08: 0.8462 training RMSE
Epoch 09: 0.8025 training RMSE
Epoch 10: 0.7753 training RMSE
Epoch 11: 0.8734 training RMSE
Epoch 12: 1.041 training RMSE
Epoch 13: 0.8758 training RMSE
Epoch 14: 0.857 training RMSE
Epoch 15: 0.7101 training RMSE
Epoch 16: 0.9419 training RMSE
2024-02-24 21:45:07.706 | INFO     | __main__:main:118 - The model has been trained. The test rmse is 0.9411.
